<?xml version="1.0" encoding="UTF-8"?>
<testsuite name="Chrome_11069657_Mac_OS.Utility" errors="0" failures="0" tests="4" time="0.0020">
<testcase classname="Chrome_11069657_Mac_OS.Utility" name="test instantiation" time="0.0010"/>
<testcase classname="Chrome_11069657_Mac_OS.Utility" name="test RuntimeException" time="0.0010"/>
<testcase classname="Chrome_11069657_Mac_OS.Utility" name="test InvalidArgumentException" time="0.0"/>
<testcase classname="Chrome_11069657_Mac_OS.Utility" name="test round()" time="0.0"/>
</testsuite>
